{
  "/Users/macbook/Desktop/RsSchool/React/components/RSS-React/vite-project/src/components/UI/Navbar/Navbar.tsx": {
    "path": "/Users/macbook/Desktop/RsSchool/React/components/RSS-React/vite-project/src/components/UI/Navbar/Navbar.tsx",
    "statementMap": {
      "0": {
        "start": {
          "line": 5,
          "column": 0
        },
        "end": {
          "line": 15,
          "column": 1
        }
      },
      "1": {
        "start": {
          "line": 6,
          "column": 2
        },
        "end": {
          "line": 8,
          "column": 3
        }
      },
      "2": {
        "start": {
          "line": 7,
          "column": 4
        },
        "end": {
          "line": 7,
          "column": 165
        }
      },
      "3": {
        "start": {
          "line": 9,
          "column": 2
        },
        "end": {
          "line": 9,
          "column": 39
        }
      },
      "4": {
        "start": {
          "line": 10,
          "column": 2
        },
        "end": {
          "line": 10,
          "column": 39
        }
      },
      "5": {
        "start": {
          "line": 11,
          "column": 2
        },
        "end": {
          "line": 13,
          "column": 4
        }
      },
      "6": {
        "start": {
          "line": 12,
          "column": 4
        },
        "end": {
          "line": 12,
          "column": 151
        }
      },
      "7": {
        "start": {
          "line": 14,
          "column": 2
        },
        "end": {
          "line": 14,
          "column": 75
        }
      },
      "8": {
        "start": {
          "line": 19,
          "column": 15
        },
        "end": {
          "line": 51,
          "column": 1
        }
      },
      "9": {
        "start": {
          "line": 20,
          "column": 2
        },
        "end": {
          "line": 50,
          "column": 11
        }
      },
      "10": {
        "start": {
          "line": 23,
          "column": 10
        },
        "end": {
          "line": 23,
          "column": 43
        }
      },
      "11": {
        "start": {
          "line": 30,
          "column": 10
        },
        "end": {
          "line": 30,
          "column": 43
        }
      },
      "12": {
        "start": {
          "line": 37,
          "column": 10
        },
        "end": {
          "line": 37,
          "column": 43
        }
      },
      "13": {
        "start": {
          "line": 52,
          "column": 0
        },
        "end": {
          "line": 52,
          "column": 12
        }
      },
      "14": {
        "start": {
          "line": 55,
          "column": 0
        },
        "end": {
          "line": 55,
          "column": 27
        }
      },
      "15": {
        "start": {
          "line": 56,
          "column": 0
        },
        "end": {
          "line": 72,
          "column": 1
        }
      },
      "16": {
        "start": {
          "line": 57,
          "column": 2
        },
        "end": {
          "line": 57,
          "column": 39
        }
      },
      "17": {
        "start": {
          "line": 58,
          "column": 2
        },
        "end": {
          "line": 58,
          "column": 39
        }
      },
      "18": {
        "start": {
          "line": 59,
          "column": 2
        },
        "end": {
          "line": 71,
          "column": 5
        }
      },
      "19": {
        "start": {
          "line": 63,
          "column": 4
        },
        "end": {
          "line": 63,
          "column": 177
        }
      },
      "20": {
        "start": {
          "line": 64,
          "column": 4
        },
        "end": {
          "line": 70,
          "column": 7
        }
      },
      "21": {
        "start": {
          "line": 65,
          "column": 6
        },
        "end": {
          "line": 66,
          "column": 15
        }
      },
      "22": {
        "start": {
          "line": 66,
          "column": 8
        },
        "end": {
          "line": 66,
          "column": 15
        }
      },
      "23": {
        "start": {
          "line": 67,
          "column": 32
        },
        "end": {
          "line": 67,
          "column": 115
        }
      },
      "24": {
        "start": {
          "line": 68,
          "column": 6
        },
        "end": {
          "line": 69,
          "column": 54
        }
      },
      "25": {
        "start": {
          "line": 69,
          "column": 8
        },
        "end": {
          "line": 69,
          "column": 54
        }
      }
    },
    "fnMap": {
      "0": {
        "name": "(anonymous_0)",
        "decl": {
          "start": {
            "line": 11,
            "column": 24
          },
          "end": {
            "line": 11,
            "column": 25
          }
        },
        "loc": {
          "start": {
            "line": 11,
            "column": 38
          },
          "end": {
            "line": 13,
            "column": 3
          }
        },
        "line": 11
      },
      "1": {
        "name": "(anonymous_1)",
        "decl": {
          "start": {
            "line": 19,
            "column": 15
          },
          "end": {
            "line": 19,
            "column": 16
          }
        },
        "loc": {
          "start": {
            "line": 19,
            "column": 21
          },
          "end": {
            "line": 51,
            "column": 1
          }
        },
        "line": 19
      },
      "2": {
        "name": "(anonymous_2)",
        "decl": {
          "start": {
            "line": 21,
            "column": 58
          },
          "end": {
            "line": 21,
            "column": 59
          }
        },
        "loc": {
          "start": {
            "line": 23,
            "column": 10
          },
          "end": {
            "line": 23,
            "column": 43
          }
        },
        "line": 23
      },
      "3": {
        "name": "(anonymous_3)",
        "decl": {
          "start": {
            "line": 28,
            "column": 63
          },
          "end": {
            "line": 28,
            "column": 64
          }
        },
        "loc": {
          "start": {
            "line": 30,
            "column": 10
          },
          "end": {
            "line": 30,
            "column": 43
          }
        },
        "line": 30
      },
      "4": {
        "name": "(anonymous_4)",
        "decl": {
          "start": {
            "line": 35,
            "column": 63
          },
          "end": {
            "line": 35,
            "column": 64
          }
        },
        "loc": {
          "start": {
            "line": 37,
            "column": 10
          },
          "end": {
            "line": 37,
            "column": 43
          }
        },
        "line": 37
      },
      "5": {
        "name": "(anonymous_5)",
        "decl": {
          "start": {
            "line": 62,
            "column": 9
          },
          "end": {
            "line": 62,
            "column": 10
          }
        },
        "loc": {
          "start": {
            "line": 62,
            "column": 29
          },
          "end": {
            "line": 71,
            "column": 3
          }
        },
        "line": 62
      },
      "6": {
        "name": "(anonymous_6)",
        "decl": {
          "start": {
            "line": 64,
            "column": 27
          },
          "end": {
            "line": 64,
            "column": 28
          }
        },
        "loc": {
          "start": {
            "line": 64,
            "column": 44
          },
          "end": {
            "line": 70,
            "column": 5
          }
        },
        "line": 64
      }
    },
    "branchMap": {
      "0": {
        "loc": {
          "start": {
            "line": 5,
            "column": 0
          },
          "end": {
            "line": 15,
            "column": 1
          }
        },
        "type": "if",
        "locations": [
          {
            "start": {
              "line": 5,
              "column": 0
            },
            "end": {
              "line": 15,
              "column": 1
            }
          },
          {
            "start": {},
            "end": {}
          }
        ],
        "line": 5
      },
      "1": {
        "loc": {
          "start": {
            "line": 6,
            "column": 2
          },
          "end": {
            "line": 8,
            "column": 3
          }
        },
        "type": "if",
        "locations": [
          {
            "start": {
              "line": 6,
              "column": 2
            },
            "end": {
              "line": 8,
              "column": 3
            }
          },
          {
            "start": {},
            "end": {}
          }
        ],
        "line": 6
      },
      "2": {
        "loc": {
          "start": {
            "line": 23,
            "column": 10
          },
          "end": {
            "line": 23,
            "column": 43
          }
        },
        "type": "cond-expr",
        "locations": [
          {
            "start": {
              "line": 23,
              "column": 21
            },
            "end": {
              "line": 23,
              "column": 34
            }
          },
          {
            "start": {
              "line": 23,
              "column": 37
            },
            "end": {
              "line": 23,
              "column": 43
            }
          }
        ],
        "line": 23
      },
      "3": {
        "loc": {
          "start": {
            "line": 30,
            "column": 10
          },
          "end": {
            "line": 30,
            "column": 43
          }
        },
        "type": "cond-expr",
        "locations": [
          {
            "start": {
              "line": 30,
              "column": 21
            },
            "end": {
              "line": 30,
              "column": 34
            }
          },
          {
            "start": {
              "line": 30,
              "column": 37
            },
            "end": {
              "line": 30,
              "column": 43
            }
          }
        ],
        "line": 30
      },
      "4": {
        "loc": {
          "start": {
            "line": 37,
            "column": 10
          },
          "end": {
            "line": 37,
            "column": 43
          }
        },
        "type": "cond-expr",
        "locations": [
          {
            "start": {
              "line": 37,
              "column": 21
            },
            "end": {
              "line": 37,
              "column": 34
            }
          },
          {
            "start": {
              "line": 37,
              "column": 37
            },
            "end": {
              "line": 37,
              "column": 43
            }
          }
        ],
        "line": 37
      },
      "5": {
        "loc": {
          "start": {
            "line": 56,
            "column": 0
          },
          "end": {
            "line": 72,
            "column": 1
          }
        },
        "type": "if",
        "locations": [
          {
            "start": {
              "line": 56,
              "column": 0
            },
            "end": {
              "line": 72,
              "column": 1
            }
          },
          {
            "start": {},
            "end": {}
          }
        ],
        "line": 56
      },
      "6": {
        "loc": {
          "start": {
            "line": 65,
            "column": 6
          },
          "end": {
            "line": 66,
            "column": 15
          }
        },
        "type": "if",
        "locations": [
          {
            "start": {
              "line": 65,
              "column": 6
            },
            "end": {
              "line": 66,
              "column": 15
            }
          },
          {
            "start": {},
            "end": {}
          }
        ],
        "line": 65
      },
      "7": {
        "loc": {
          "start": {
            "line": 68,
            "column": 6
          },
          "end": {
            "line": 69,
            "column": 54
          }
        },
        "type": "if",
        "locations": [
          {
            "start": {
              "line": 68,
              "column": 6
            },
            "end": {
              "line": 69,
              "column": 54
            }
          },
          {
            "start": {},
            "end": {}
          }
        ],
        "line": 68
      }
    },
    "s": {
      "0": 24,
      "1": 24,
      "2": 0,
      "3": 24,
      "4": 24,
      "5": 24,
      "6": 24,
      "7": 24,
      "8": 24,
      "9": 48,
      "10": 64,
      "11": 64,
      "12": 64,
      "13": 24,
      "14": 24,
      "15": 24,
      "16": 24,
      "17": 24,
      "18": 24,
      "19": 22,
      "20": 22,
      "21": 0,
      "22": 0,
      "23": 0,
      "24": 0,
      "25": 0
    },
    "f": {
      "0": 24,
      "1": 48,
      "2": 64,
      "3": 64,
      "4": 64,
      "5": 22,
      "6": 0
    },
    "b": {
      "0": [
        24,
        0
      ],
      "1": [
        0,
        24
      ],
      "2": [
        40,
        24
      ],
      "3": [
        8,
        56
      ],
      "4": [
        16,
        48
      ],
      "5": [
        24,
        0
      ],
      "6": [
        0,
        0
      ],
      "7": [
        0,
        0
      ]
    },
    "inputSourceMap": {
      "version": 3,
      "mappings": "AAUQ;AAVR,OAAOA,oBAAkB;AAAA;AAAA;AAAA;AAAA;AAAA;AAAA;AAAA;AAAA;AAAA;AAAA;AAAA;AAAA;AAAA;AACzB,SAASC,eAAe;AAExB,SAASC,YAAYC,aAAaC,iBAAiB;AACnD,OAAOC,YAAY;AAEnB,MAAMC,SAASA,MAAM;AACnB,SACE,uBAAC,SAAI,WAAU,UACb,iCAAC,SAAI,WAAU,gBACb;AAAA,2BAAC,WAAQ,IAAG,KAAI,WAAW,CAAC;AAAA,MAAEC;AAAAA,IAAS,MAAOA,WAAWF,OAAOG,SAASC,QACtEL,uBADH;AAAA;AAAA;AAAA;AAAA,WAEA;AAAA,IACA,uBAAC,WAAQ,IAAG,UAAS,WAAW,CAAC;AAAA,MAAEG;AAAAA,IAAS,MAAOA,WAAWF,OAAOG,SAASC,QAC3EP,wBADH;AAAA;AAAA;AAAA;AAAA,WAEA;AAAA,IACA,uBAAC,WAAQ,IAAG,UAAS,WAAW,CAAC;AAAA,MAAEK;AAAAA,IAAS,MAAOA,WAAWF,OAAOG,SAASC,QAC3EN,yBADH;AAAA;AAAA;AAAA;AAAA,WAEA;AAAA,OATF;AAAA;AAAA;AAAA;AAAA,SAUA,KAXF;AAAA;AAAA;AAAA;AAAA,SAYA;AAEJ;AAAEO,KAhBIJ;AAiBN,eAAeA;AAAO;AAAAK",
      "names": [
        "React",
        "NavLink",
        "ABOUT_LINK",
        "FORMS__LINK",
        "HOME_LINK",
        "styles",
        "Navbar",
        "isActive",
        "active",
        "undefined",
        "_c",
        "$RefreshReg$"
      ],
      "sources": [
        "/Users/macbook/Desktop/RsSchool/React/components/RSS-React/vite-project/src/components/UI/Navbar/Navbar.tsx"
      ],
      "file": "/Users/macbook/Desktop/RsSchool/React/components/RSS-React/vite-project/src/components/UI/Navbar/Navbar.tsx"
    },
    "_coverageSchema": "1a1c01bbd47fc00a2c39e90264f33305004495a9",
    "hash": "bb43bbd1d8cd9b0103c543f0cb8cc847ee926805"
  },
  "/Users/macbook/Desktop/RsSchool/React/components/RSS-React/vite-project/src/pages/About.tsx": {
    "path": "/Users/macbook/Desktop/RsSchool/React/components/RSS-React/vite-project/src/pages/About.tsx",
    "statementMap": {
      "0": {
        "start": {
          "line": 5,
          "column": 0
        },
        "end": {
          "line": 15,
          "column": 1
        }
      },
      "1": {
        "start": {
          "line": 6,
          "column": 2
        },
        "end": {
          "line": 8,
          "column": 3
        }
      },
      "2": {
        "start": {
          "line": 7,
          "column": 4
        },
        "end": {
          "line": 7,
          "column": 165
        }
      },
      "3": {
        "start": {
          "line": 9,
          "column": 2
        },
        "end": {
          "line": 9,
          "column": 39
        }
      },
      "4": {
        "start": {
          "line": 10,
          "column": 2
        },
        "end": {
          "line": 10,
          "column": 39
        }
      },
      "5": {
        "start": {
          "line": 11,
          "column": 2
        },
        "end": {
          "line": 13,
          "column": 4
        }
      },
      "6": {
        "start": {
          "line": 12,
          "column": 4
        },
        "end": {
          "line": 12,
          "column": 135
        }
      },
      "7": {
        "start": {
          "line": 14,
          "column": 2
        },
        "end": {
          "line": 14,
          "column": 75
        }
      },
      "8": {
        "start": {
          "line": 17,
          "column": 14
        },
        "end": {
          "line": 27,
          "column": 1
        }
      },
      "9": {
        "start": {
          "line": 18,
          "column": 2
        },
        "end": {
          "line": 26,
          "column": 11
        }
      },
      "10": {
        "start": {
          "line": 28,
          "column": 0
        },
        "end": {
          "line": 28,
          "column": 11
        }
      },
      "11": {
        "start": {
          "line": 31,
          "column": 0
        },
        "end": {
          "line": 31,
          "column": 26
        }
      },
      "12": {
        "start": {
          "line": 32,
          "column": 0
        },
        "end": {
          "line": 48,
          "column": 1
        }
      },
      "13": {
        "start": {
          "line": 33,
          "column": 2
        },
        "end": {
          "line": 33,
          "column": 39
        }
      },
      "14": {
        "start": {
          "line": 34,
          "column": 2
        },
        "end": {
          "line": 34,
          "column": 39
        }
      },
      "15": {
        "start": {
          "line": 35,
          "column": 2
        },
        "end": {
          "line": 47,
          "column": 5
        }
      },
      "16": {
        "start": {
          "line": 39,
          "column": 4
        },
        "end": {
          "line": 39,
          "column": 161
        }
      },
      "17": {
        "start": {
          "line": 40,
          "column": 4
        },
        "end": {
          "line": 46,
          "column": 7
        }
      },
      "18": {
        "start": {
          "line": 41,
          "column": 6
        },
        "end": {
          "line": 42,
          "column": 15
        }
      },
      "19": {
        "start": {
          "line": 42,
          "column": 8
        },
        "end": {
          "line": 42,
          "column": 15
        }
      },
      "20": {
        "start": {
          "line": 43,
          "column": 32
        },
        "end": {
          "line": 43,
          "column": 115
        }
      },
      "21": {
        "start": {
          "line": 44,
          "column": 6
        },
        "end": {
          "line": 45,
          "column": 54
        }
      },
      "22": {
        "start": {
          "line": 45,
          "column": 8
        },
        "end": {
          "line": 45,
          "column": 54
        }
      }
    },
    "fnMap": {
      "0": {
        "name": "(anonymous_0)",
        "decl": {
          "start": {
            "line": 11,
            "column": 24
          },
          "end": {
            "line": 11,
            "column": 25
          }
        },
        "loc": {
          "start": {
            "line": 11,
            "column": 38
          },
          "end": {
            "line": 13,
            "column": 3
          }
        },
        "line": 11
      },
      "1": {
        "name": "(anonymous_1)",
        "decl": {
          "start": {
            "line": 17,
            "column": 14
          },
          "end": {
            "line": 17,
            "column": 15
          }
        },
        "loc": {
          "start": {
            "line": 17,
            "column": 20
          },
          "end": {
            "line": 27,
            "column": 1
          }
        },
        "line": 17
      },
      "2": {
        "name": "(anonymous_2)",
        "decl": {
          "start": {
            "line": 38,
            "column": 9
          },
          "end": {
            "line": 38,
            "column": 10
          }
        },
        "loc": {
          "start": {
            "line": 38,
            "column": 29
          },
          "end": {
            "line": 47,
            "column": 3
          }
        },
        "line": 38
      },
      "3": {
        "name": "(anonymous_3)",
        "decl": {
          "start": {
            "line": 40,
            "column": 27
          },
          "end": {
            "line": 40,
            "column": 28
          }
        },
        "loc": {
          "start": {
            "line": 40,
            "column": 44
          },
          "end": {
            "line": 46,
            "column": 5
          }
        },
        "line": 40
      }
    },
    "branchMap": {
      "0": {
        "loc": {
          "start": {
            "line": 5,
            "column": 0
          },
          "end": {
            "line": 15,
            "column": 1
          }
        },
        "type": "if",
        "locations": [
          {
            "start": {
              "line": 5,
              "column": 0
            },
            "end": {
              "line": 15,
              "column": 1
            }
          },
          {
            "start": {},
            "end": {}
          }
        ],
        "line": 5
      },
      "1": {
        "loc": {
          "start": {
            "line": 6,
            "column": 2
          },
          "end": {
            "line": 8,
            "column": 3
          }
        },
        "type": "if",
        "locations": [
          {
            "start": {
              "line": 6,
              "column": 2
            },
            "end": {
              "line": 8,
              "column": 3
            }
          },
          {
            "start": {},
            "end": {}
          }
        ],
        "line": 6
      },
      "2": {
        "loc": {
          "start": {
            "line": 32,
            "column": 0
          },
          "end": {
            "line": 48,
            "column": 1
          }
        },
        "type": "if",
        "locations": [
          {
            "start": {
              "line": 32,
              "column": 0
            },
            "end": {
              "line": 48,
              "column": 1
            }
          },
          {
            "start": {},
            "end": {}
          }
        ],
        "line": 32
      },
      "3": {
        "loc": {
          "start": {
            "line": 41,
            "column": 6
          },
          "end": {
            "line": 42,
            "column": 15
          }
        },
        "type": "if",
        "locations": [
          {
            "start": {
              "line": 41,
              "column": 6
            },
            "end": {
              "line": 42,
              "column": 15
            }
          },
          {
            "start": {},
            "end": {}
          }
        ],
        "line": 41
      },
      "4": {
        "loc": {
          "start": {
            "line": 44,
            "column": 6
          },
          "end": {
            "line": 45,
            "column": 54
          }
        },
        "type": "if",
        "locations": [
          {
            "start": {
              "line": 44,
              "column": 6
            },
            "end": {
              "line": 45,
              "column": 54
            }
          },
          {
            "start": {},
            "end": {}
          }
        ],
        "line": 44
      }
    },
    "s": {
      "0": 24,
      "1": 24,
      "2": 0,
      "3": 24,
      "4": 24,
      "5": 24,
      "6": 24,
      "7": 24,
      "8": 24,
      "9": 8,
      "10": 24,
      "11": 24,
      "12": 24,
      "13": 24,
      "14": 24,
      "15": 24,
      "16": 22,
      "17": 22,
      "18": 0,
      "19": 0,
      "20": 0,
      "21": 0,
      "22": 0
    },
    "f": {
      "0": 24,
      "1": 8,
      "2": 22,
      "3": 0
    },
    "b": {
      "0": [
        24,
        0
      ],
      "1": [
        0,
        24
      ],
      "2": [
        24,
        0
      ],
      "3": [
        0,
        0
      ],
      "4": [
        0,
        0
      ]
    },
    "inputSourceMap": {
      "version": 3,
      "mappings": "AAOM;AAPN,OAAOA,oBAAkB;AAAA;AAAA;AAAA;AAAA;AAAA;AAAA;AAAA;AAAA;AAAA;AAAA;AAAA;AAAA;AAAA;AAEzB,SAASC,wBAAwB;AAEjC,MAAMC,QAAQA,MAAM;AAClB,SACE,uBAAC,UAAK,WAAU,QACd,iCAAC,QAAID,8BAAL;AAAA;AAAA;AAAA;AAAA,SAAsB,KADxB;AAAA;AAAA;AAAA;AAAA,SAEA;AAEJ;AAAEE,KANID;AAON,eAAeA;AAAM;AAAAE",
      "names": [
        "React",
        "ABOUT_PAGE_TITLE",
        "About",
        "_c",
        "$RefreshReg$"
      ],
      "sources": [
        "/Users/macbook/Desktop/RsSchool/React/components/RSS-React/vite-project/src/pages/About.tsx"
      ],
      "file": "/Users/macbook/Desktop/RsSchool/React/components/RSS-React/vite-project/src/pages/About.tsx"
    },
    "_coverageSchema": "1a1c01bbd47fc00a2c39e90264f33305004495a9",
    "hash": "e6d20e630a1a464bbbe847341d465da7a289029e"
  },
  "/Users/macbook/Desktop/RsSchool/React/components/RSS-React/vite-project/src/components/UI/SearchInput/SearchInput.tsx": {
    "path": "/Users/macbook/Desktop/RsSchool/React/components/RSS-React/vite-project/src/components/UI/SearchInput/SearchInput.tsx",
    "statementMap": {
      "0": {
        "start": {
          "line": 5,
          "column": 0
        },
        "end": {
          "line": 15,
          "column": 1
        }
      },
      "1": {
        "start": {
          "line": 6,
          "column": 2
        },
        "end": {
          "line": 8,
          "column": 3
        }
      },
      "2": {
        "start": {
          "line": 7,
          "column": 4
        },
        "end": {
          "line": 7,
          "column": 165
        }
      },
      "3": {
        "start": {
          "line": 9,
          "column": 2
        },
        "end": {
          "line": 9,
          "column": 39
        }
      },
      "4": {
        "start": {
          "line": 10,
          "column": 2
        },
        "end": {
          "line": 10,
          "column": 39
        }
      },
      "5": {
        "start": {
          "line": 11,
          "column": 2
        },
        "end": {
          "line": 13,
          "column": 4
        }
      },
      "6": {
        "start": {
          "line": 12,
          "column": 4
        },
        "end": {
          "line": 12,
          "column": 161
        }
      },
      "7": {
        "start": {
          "line": 14,
          "column": 2
        },
        "end": {
          "line": 14,
          "column": 75
        }
      },
      "8": {
        "start": {
          "line": 16,
          "column": 9
        },
        "end": {
          "line": 16,
          "column": 23
        }
      },
      "9": {
        "start": {
          "line": 21,
          "column": 20
        },
        "end": {
          "line": 41,
          "column": 1
        }
      },
      "10": {
        "start": {
          "line": 22,
          "column": 2
        },
        "end": {
          "line": 22,
          "column": 7
        }
      },
      "11": {
        "start": {
          "line": 23,
          "column": 19
        },
        "end": {
          "line": 23,
          "column": 35
        }
      },
      "12": {
        "start": {
          "line": 26,
          "column": 6
        },
        "end": {
          "line": 26,
          "column": 50
        }
      },
      "13": {
        "start": {
          "line": 26,
          "column": 32
        },
        "end": {
          "line": 26,
          "column": 49
        }
      },
      "14": {
        "start": {
          "line": 27,
          "column": 25
        },
        "end": {
          "line": 27,
          "column": 33
        }
      },
      "15": {
        "start": {
          "line": 28,
          "column": 2
        },
        "end": {
          "line": 30,
          "column": 5
        }
      },
      "16": {
        "start": {
          "line": 29,
          "column": 4
        },
        "end": {
          "line": 29,
          "column": 46
        }
      },
      "17": {
        "start": {
          "line": 31,
          "column": 24
        },
        "end": {
          "line": 31,
          "column": 94
        }
      },
      "18": {
        "start": {
          "line": 31,
          "column": 31
        },
        "end": {
          "line": 31,
          "column": 94
        }
      },
      "19": {
        "start": {
          "line": 32,
          "column": 2
        },
        "end": {
          "line": 40,
          "column": 11
        }
      },
      "20": {
        "start": {
          "line": 42,
          "column": 0
        },
        "end": {
          "line": 44,
          "column": 3
        }
      },
      "21": {
        "start": {
          "line": 43,
          "column": 2
        },
        "end": {
          "line": 43,
          "column": 42
        }
      },
      "22": {
        "start": {
          "line": 45,
          "column": 0
        },
        "end": {
          "line": 45,
          "column": 17
        }
      },
      "23": {
        "start": {
          "line": 48,
          "column": 0
        },
        "end": {
          "line": 48,
          "column": 32
        }
      },
      "24": {
        "start": {
          "line": 49,
          "column": 0
        },
        "end": {
          "line": 65,
          "column": 1
        }
      },
      "25": {
        "start": {
          "line": 50,
          "column": 2
        },
        "end": {
          "line": 50,
          "column": 39
        }
      },
      "26": {
        "start": {
          "line": 51,
          "column": 2
        },
        "end": {
          "line": 51,
          "column": 39
        }
      },
      "27": {
        "start": {
          "line": 52,
          "column": 2
        },
        "end": {
          "line": 64,
          "column": 5
        }
      },
      "28": {
        "start": {
          "line": 56,
          "column": 4
        },
        "end": {
          "line": 56,
          "column": 187
        }
      },
      "29": {
        "start": {
          "line": 57,
          "column": 4
        },
        "end": {
          "line": 63,
          "column": 7
        }
      },
      "30": {
        "start": {
          "line": 58,
          "column": 6
        },
        "end": {
          "line": 59,
          "column": 15
        }
      },
      "31": {
        "start": {
          "line": 59,
          "column": 8
        },
        "end": {
          "line": 59,
          "column": 15
        }
      },
      "32": {
        "start": {
          "line": 60,
          "column": 32
        },
        "end": {
          "line": 60,
          "column": 115
        }
      },
      "33": {
        "start": {
          "line": 61,
          "column": 6
        },
        "end": {
          "line": 62,
          "column": 54
        }
      },
      "34": {
        "start": {
          "line": 62,
          "column": 8
        },
        "end": {
          "line": 62,
          "column": 54
        }
      }
    },
    "fnMap": {
      "0": {
        "name": "(anonymous_0)",
        "decl": {
          "start": {
            "line": 11,
            "column": 24
          },
          "end": {
            "line": 11,
            "column": 25
          }
        },
        "loc": {
          "start": {
            "line": 11,
            "column": 38
          },
          "end": {
            "line": 13,
            "column": 3
          }
        },
        "line": 11
      },
      "1": {
        "name": "(anonymous_1)",
        "decl": {
          "start": {
            "line": 21,
            "column": 20
          },
          "end": {
            "line": 21,
            "column": 21
          }
        },
        "loc": {
          "start": {
            "line": 21,
            "column": 31
          },
          "end": {
            "line": 41,
            "column": 1
          }
        },
        "line": 21
      },
      "2": {
        "name": "(anonymous_2)",
        "decl": {
          "start": {
            "line": 26,
            "column": 21
          },
          "end": {
            "line": 26,
            "column": 22
          }
        },
        "loc": {
          "start": {
            "line": 26,
            "column": 32
          },
          "end": {
            "line": 26,
            "column": 49
          }
        },
        "line": 26
      },
      "3": {
        "name": "(anonymous_3)",
        "decl": {
          "start": {
            "line": 28,
            "column": 12
          },
          "end": {
            "line": 28,
            "column": 13
          }
        },
        "loc": {
          "start": {
            "line": 28,
            "column": 18
          },
          "end": {
            "line": 30,
            "column": 3
          }
        },
        "line": 28
      },
      "4": {
        "name": "(anonymous_4)",
        "decl": {
          "start": {
            "line": 31,
            "column": 24
          },
          "end": {
            "line": 31,
            "column": 25
          }
        },
        "loc": {
          "start": {
            "line": 31,
            "column": 31
          },
          "end": {
            "line": 31,
            "column": 94
          }
        },
        "line": 31
      },
      "5": {
        "name": "(anonymous_5)",
        "decl": {
          "start": {
            "line": 42,
            "column": 55
          },
          "end": {
            "line": 42,
            "column": 56
          }
        },
        "loc": {
          "start": {
            "line": 42,
            "column": 66
          },
          "end": {
            "line": 44,
            "column": 1
          }
        },
        "line": 42
      },
      "6": {
        "name": "(anonymous_6)",
        "decl": {
          "start": {
            "line": 55,
            "column": 9
          },
          "end": {
            "line": 55,
            "column": 10
          }
        },
        "loc": {
          "start": {
            "line": 55,
            "column": 29
          },
          "end": {
            "line": 64,
            "column": 3
          }
        },
        "line": 55
      },
      "7": {
        "name": "(anonymous_7)",
        "decl": {
          "start": {
            "line": 57,
            "column": 27
          },
          "end": {
            "line": 57,
            "column": 28
          }
        },
        "loc": {
          "start": {
            "line": 57,
            "column": 44
          },
          "end": {
            "line": 63,
            "column": 5
          }
        },
        "line": 57
      }
    },
    "branchMap": {
      "0": {
        "loc": {
          "start": {
            "line": 5,
            "column": 0
          },
          "end": {
            "line": 15,
            "column": 1
          }
        },
        "type": "if",
        "locations": [
          {
            "start": {
              "line": 5,
              "column": 0
            },
            "end": {
              "line": 15,
              "column": 1
            }
          },
          {
            "start": {},
            "end": {}
          }
        ],
        "line": 5
      },
      "1": {
        "loc": {
          "start": {
            "line": 6,
            "column": 2
          },
          "end": {
            "line": 8,
            "column": 3
          }
        },
        "type": "if",
        "locations": [
          {
            "start": {
              "line": 6,
              "column": 2
            },
            "end": {
              "line": 8,
              "column": 3
            }
          },
          {
            "start": {},
            "end": {}
          }
        ],
        "line": 6
      },
      "2": {
        "loc": {
          "start": {
            "line": 49,
            "column": 0
          },
          "end": {
            "line": 65,
            "column": 1
          }
        },
        "type": "if",
        "locations": [
          {
            "start": {
              "line": 49,
              "column": 0
            },
            "end": {
              "line": 65,
              "column": 1
            }
          },
          {
            "start": {},
            "end": {}
          }
        ],
        "line": 49
      },
      "3": {
        "loc": {
          "start": {
            "line": 58,
            "column": 6
          },
          "end": {
            "line": 59,
            "column": 15
          }
        },
        "type": "if",
        "locations": [
          {
            "start": {
              "line": 58,
              "column": 6
            },
            "end": {
              "line": 59,
              "column": 15
            }
          },
          {
            "start": {},
            "end": {}
          }
        ],
        "line": 58
      },
      "4": {
        "loc": {
          "start": {
            "line": 61,
            "column": 6
          },
          "end": {
            "line": 62,
            "column": 54
          }
        },
        "type": "if",
        "locations": [
          {
            "start": {
              "line": 61,
              "column": 6
            },
            "end": {
              "line": 62,
              "column": 54
            }
          },
          {
            "start": {},
            "end": {}
          }
        ],
        "line": 61
      }
    },
    "s": {
      "0": 24,
      "1": 24,
      "2": 0,
      "3": 24,
      "4": 24,
      "5": 24,
      "6": 24,
      "7": 24,
      "8": 24,
      "9": 24,
      "10": 170,
      "11": 170,
      "12": 170,
      "13": 295,
      "14": 170,
      "15": 170,
      "16": 105,
      "17": 170,
      "18": 36,
      "19": 170,
      "20": 24,
      "21": 20,
      "22": 24,
      "23": 24,
      "24": 24,
      "25": 24,
      "26": 24,
      "27": 24,
      "28": 22,
      "29": 22,
      "30": 0,
      "31": 0,
      "32": 0,
      "33": 0,
      "34": 0
    },
    "f": {
      "0": 24,
      "1": 170,
      "2": 295,
      "3": 105,
      "4": 36,
      "5": 20,
      "6": 22,
      "7": 0
    },
    "b": {
      "0": [
        24,
        0
      ],
      "1": [
        0,
        24
      ],
      "2": [
        24,
        0
      ],
      "3": [
        0,
        0
      ],
      "4": [
        0,
        0
      ]
    },
    "inputSourceMap": {
      "version": 3,
      "mappings": "AAsBM;;;;;;;;;;;;;;;;AAtBN,SAASA,gCAAgC;AACzC,SAA+BC,WAAWC,cAAc;AACxD,SAASC,gBAAgBC,sBAAsB;AAC/C,SAASC,iBAAiB;AAE1B,MAAMC,cAAcA,CAACC,UAEf;AAAAC;AACJ,QAAMC,WAAWN,eAAe;AAChC,QAAM;AAAA,IAAEO;AAAAA,EAAiB,IAAIN,eAAgBO,WAAUA,MAAMC,WAAW;AAExE,QAAMC,iBAAiBX,OAAe;AAEtCD,YAAU,MAAM;AACdY,mBAAeC,UAAUJ;AAAAA,EAC3B,CAAC;AAED,QAAMK,gBAAgBA,CAACC,MACrBP,SAASJ,UAAUY,QAAQC,oBAAqBF,EAAEG,OAA4BC,KAAK,CAAC;AAEtF,SACE,uBAAC,SAAI,WAAU,2BACb,iCAAC,WACC,UAAUL,eACV,SAASA,eACT,WAAWR,MAAMc,UACjB,MAAK,QACL,WAAU,iBACV,aAAarB,0BACb,OAAOU,kBACP,eAAY,kBARd;AAAA;AAAA;AAAA;AAAA,SAQ4B,KAT9B;AAAA;AAAA;AAAA;AAAA,SAWA;AAEJ;AAAEF,GA7BIF,aAAW;AAAA,UAGEH,gBACYC,cAAc;AAAA;AAAAkB,KAJvChB;AA8BN,eAAeA;AAAY;AAAAiB",
      "names": [
        "SEARCH_INPUT_PLACEHOLDER",
        "useEffect",
        "useRef",
        "useAppDispatch",
        "useAppSelector",
        "cardSlice",
        "SearchInput",
        "props",
        "_s",
        "dispatch",
        "searchInputValue",
        "state",
        "cardReducer",
        "searchInputRef",
        "current",
        "handleChanges",
        "e",
        "actions",
        "setSearchInputValue",
        "target",
        "value",
        "onChange",
        "_c",
        "$RefreshReg$"
      ],
      "sources": [
        "/Users/macbook/Desktop/RsSchool/React/components/RSS-React/vite-project/src/components/UI/SearchInput/SearchInput.tsx"
      ],
      "file": "/Users/macbook/Desktop/RsSchool/React/components/RSS-React/vite-project/src/components/UI/SearchInput/SearchInput.tsx"
    },
    "_coverageSchema": "1a1c01bbd47fc00a2c39e90264f33305004495a9",
    "hash": "50940a87ebd489c361b881a36af75d188edfa22c"
  },
  "/Users/macbook/Desktop/RsSchool/React/components/RSS-React/vite-project/src/components/UI/PopUpCard/PopUpCard.tsx": {
    "path": "/Users/macbook/Desktop/RsSchool/React/components/RSS-React/vite-project/src/components/UI/PopUpCard/PopUpCard.tsx",
    "statementMap": {
      "0": {
        "start": {
          "line": 5,
          "column": 0
        },
        "end": {
          "line": 15,
          "column": 1
        }
      },
      "1": {
        "start": {
          "line": 6,
          "column": 2
        },
        "end": {
          "line": 8,
          "column": 3
        }
      },
      "2": {
        "start": {
          "line": 7,
          "column": 4
        },
        "end": {
          "line": 7,
          "column": 165
        }
      },
      "3": {
        "start": {
          "line": 9,
          "column": 2
        },
        "end": {
          "line": 9,
          "column": 39
        }
      },
      "4": {
        "start": {
          "line": 10,
          "column": 2
        },
        "end": {
          "line": 10,
          "column": 39
        }
      },
      "5": {
        "start": {
          "line": 11,
          "column": 2
        },
        "end": {
          "line": 13,
          "column": 4
        }
      },
      "6": {
        "start": {
          "line": 12,
          "column": 4
        },
        "end": {
          "line": 12,
          "column": 157
        }
      },
      "7": {
        "start": {
          "line": 14,
          "column": 2
        },
        "end": {
          "line": 14,
          "column": 75
        }
      },
      "8": {
        "start": {
          "line": 17,
          "column": 18
        },
        "end": {
          "line": 41,
          "column": 1
        }
      },
      "9": {
        "start": {
          "line": 18,
          "column": 2
        },
        "end": {
          "line": 40,
          "column": 11
        }
      },
      "10": {
        "start": {
          "line": 42,
          "column": 0
        },
        "end": {
          "line": 42,
          "column": 15
        }
      },
      "11": {
        "start": {
          "line": 45,
          "column": 0
        },
        "end": {
          "line": 45,
          "column": 30
        }
      },
      "12": {
        "start": {
          "line": 46,
          "column": 0
        },
        "end": {
          "line": 62,
          "column": 1
        }
      },
      "13": {
        "start": {
          "line": 47,
          "column": 2
        },
        "end": {
          "line": 47,
          "column": 39
        }
      },
      "14": {
        "start": {
          "line": 48,
          "column": 2
        },
        "end": {
          "line": 48,
          "column": 39
        }
      },
      "15": {
        "start": {
          "line": 49,
          "column": 2
        },
        "end": {
          "line": 61,
          "column": 5
        }
      },
      "16": {
        "start": {
          "line": 53,
          "column": 4
        },
        "end": {
          "line": 53,
          "column": 183
        }
      },
      "17": {
        "start": {
          "line": 54,
          "column": 4
        },
        "end": {
          "line": 60,
          "column": 7
        }
      },
      "18": {
        "start": {
          "line": 55,
          "column": 6
        },
        "end": {
          "line": 56,
          "column": 15
        }
      },
      "19": {
        "start": {
          "line": 56,
          "column": 8
        },
        "end": {
          "line": 56,
          "column": 15
        }
      },
      "20": {
        "start": {
          "line": 57,
          "column": 32
        },
        "end": {
          "line": 57,
          "column": 115
        }
      },
      "21": {
        "start": {
          "line": 58,
          "column": 6
        },
        "end": {
          "line": 59,
          "column": 54
        }
      },
      "22": {
        "start": {
          "line": 59,
          "column": 8
        },
        "end": {
          "line": 59,
          "column": 54
        }
      }
    },
    "fnMap": {
      "0": {
        "name": "(anonymous_0)",
        "decl": {
          "start": {
            "line": 11,
            "column": 24
          },
          "end": {
            "line": 11,
            "column": 25
          }
        },
        "loc": {
          "start": {
            "line": 11,
            "column": 38
          },
          "end": {
            "line": 13,
            "column": 3
          }
        },
        "line": 11
      },
      "1": {
        "name": "(anonymous_1)",
        "decl": {
          "start": {
            "line": 17,
            "column": 18
          },
          "end": {
            "line": 17,
            "column": 19
          }
        },
        "loc": {
          "start": {
            "line": 17,
            "column": 29
          },
          "end": {
            "line": 41,
            "column": 1
          }
        },
        "line": 17
      },
      "2": {
        "name": "(anonymous_2)",
        "decl": {
          "start": {
            "line": 52,
            "column": 9
          },
          "end": {
            "line": 52,
            "column": 10
          }
        },
        "loc": {
          "start": {
            "line": 52,
            "column": 29
          },
          "end": {
            "line": 61,
            "column": 3
          }
        },
        "line": 52
      },
      "3": {
        "name": "(anonymous_3)",
        "decl": {
          "start": {
            "line": 54,
            "column": 27
          },
          "end": {
            "line": 54,
            "column": 28
          }
        },
        "loc": {
          "start": {
            "line": 54,
            "column": 44
          },
          "end": {
            "line": 60,
            "column": 5
          }
        },
        "line": 54
      }
    },
    "branchMap": {
      "0": {
        "loc": {
          "start": {
            "line": 5,
            "column": 0
          },
          "end": {
            "line": 15,
            "column": 1
          }
        },
        "type": "if",
        "locations": [
          {
            "start": {
              "line": 5,
              "column": 0
            },
            "end": {
              "line": 15,
              "column": 1
            }
          },
          {
            "start": {},
            "end": {}
          }
        ],
        "line": 5
      },
      "1": {
        "loc": {
          "start": {
            "line": 6,
            "column": 2
          },
          "end": {
            "line": 8,
            "column": 3
          }
        },
        "type": "if",
        "locations": [
          {
            "start": {
              "line": 6,
              "column": 2
            },
            "end": {
              "line": 8,
              "column": 3
            }
          },
          {
            "start": {},
            "end": {}
          }
        ],
        "line": 6
      },
      "2": {
        "loc": {
          "start": {
            "line": 46,
            "column": 0
          },
          "end": {
            "line": 62,
            "column": 1
          }
        },
        "type": "if",
        "locations": [
          {
            "start": {
              "line": 46,
              "column": 0
            },
            "end": {
              "line": 62,
              "column": 1
            }
          },
          {
            "start": {},
            "end": {}
          }
        ],
        "line": 46
      },
      "3": {
        "loc": {
          "start": {
            "line": 55,
            "column": 6
          },
          "end": {
            "line": 56,
            "column": 15
          }
        },
        "type": "if",
        "locations": [
          {
            "start": {
              "line": 55,
              "column": 6
            },
            "end": {
              "line": 56,
              "column": 15
            }
          },
          {
            "start": {},
            "end": {}
          }
        ],
        "line": 55
      },
      "4": {
        "loc": {
          "start": {
            "line": 58,
            "column": 6
          },
          "end": {
            "line": 59,
            "column": 54
          }
        },
        "type": "if",
        "locations": [
          {
            "start": {
              "line": 58,
              "column": 6
            },
            "end": {
              "line": 59,
              "column": 54
            }
          },
          {
            "start": {},
            "end": {}
          }
        ],
        "line": 58
      }
    },
    "s": {
      "0": 24,
      "1": 24,
      "2": 0,
      "3": 24,
      "4": 24,
      "5": 24,
      "6": 24,
      "7": 24,
      "8": 24,
      "9": 0,
      "10": 24,
      "11": 24,
      "12": 24,
      "13": 24,
      "14": 24,
      "15": 24,
      "16": 22,
      "17": 22,
      "18": 0,
      "19": 0,
      "20": 0,
      "21": 0,
      "22": 0
    },
    "f": {
      "0": 24,
      "1": 0,
      "2": 22,
      "3": 0
    },
    "b": {
      "0": [
        24,
        0
      ],
      "1": [
        0,
        24
      ],
      "2": [
        24,
        0
      ],
      "3": [
        0,
        0
      ],
      "4": [
        0,
        0
      ]
    },
    "inputSourceMap": {
      "version": 3,
      "mappings": "AAOM;AAPN,OAAOA,oBAASC;AAA6B;AAAA;AAAA;AAAA;AAAA;AAAA;AAAA;AAAA;AAAA;AAAA;AAAA;AAAA;AAAA;AAE7C,OAAOC,cAAc;AAErB,MAAMC,YAAYA,CAACC,UAAoE;AACrF,SACE,uBAAC,SAAI,OAAO;AAAA,IAAEC,UAAU;AAAA,EAAW,GAAG,eAAY,qBAChD;AAAA,2BAAC,SAAI,WAAU,UAAS,SAASD,MAAME,WAAvC;AAAA;AAAA;AAAA;AAAA,WAAgD;AAAA,IAChD,uBAAC,YAAS,MAAMF,MAAMG,MAAM,SAAS,QAArC;AAAA;AAAA;AAAA;AAAA,WAA0C;AAAA,IAC1C,uBAAC,SAAI,WAAU,iBAAgB,SAASH,MAAME,WAA9C;AAAA;AAAA;AAAA;AAAA,WAAuD;AAAA,OAHzD;AAAA;AAAA;AAAA;AAAA,SAIA;AAEJ;AAAEE,KARIL;AASN,eAAeA;AAAU;AAAAM",
      "names": [
        "React",
        "SyntheticEvent",
        "CardItem",
        "PopUpCard",
        "props",
        "position",
        "onClose",
        "card",
        "_c",
        "$RefreshReg$"
      ],
      "sources": [
        "/Users/macbook/Desktop/RsSchool/React/components/RSS-React/vite-project/src/components/UI/PopUpCard/PopUpCard.tsx"
      ],
      "file": "/Users/macbook/Desktop/RsSchool/React/components/RSS-React/vite-project/src/components/UI/PopUpCard/PopUpCard.tsx"
    },
    "_coverageSchema": "1a1c01bbd47fc00a2c39e90264f33305004495a9",
    "hash": "7924625f98b4b692df3e8983e9e2319bc15263cf"
  },
  "/Users/macbook/Desktop/RsSchool/React/components/RSS-React/vite-project/src/components/UI/CardItem.tsx": {
    "path": "/Users/macbook/Desktop/RsSchool/React/components/RSS-React/vite-project/src/components/UI/CardItem.tsx",
    "statementMap": {
      "0": {
        "start": {
          "line": 5,
          "column": 0
        },
        "end": {
          "line": 15,
          "column": 1
        }
      },
      "1": {
        "start": {
          "line": 6,
          "column": 2
        },
        "end": {
          "line": 8,
          "column": 3
        }
      },
      "2": {
        "start": {
          "line": 7,
          "column": 4
        },
        "end": {
          "line": 7,
          "column": 165
        }
      },
      "3": {
        "start": {
          "line": 9,
          "column": 2
        },
        "end": {
          "line": 9,
          "column": 39
        }
      },
      "4": {
        "start": {
          "line": 10,
          "column": 2
        },
        "end": {
          "line": 10,
          "column": 39
        }
      },
      "5": {
        "start": {
          "line": 11,
          "column": 2
        },
        "end": {
          "line": 13,
          "column": 4
        }
      },
      "6": {
        "start": {
          "line": 12,
          "column": 4
        },
        "end": {
          "line": 12,
          "column": 146
        }
      },
      "7": {
        "start": {
          "line": 14,
          "column": 2
        },
        "end": {
          "line": 14,
          "column": 75
        }
      },
      "8": {
        "start": {
          "line": 16,
          "column": 9
        },
        "end": {
          "line": 16,
          "column": 23
        }
      },
      "9": {
        "start": {
          "line": 21,
          "column": 17
        },
        "end": {
          "line": 146,
          "column": 1
        }
      },
      "10": {
        "start": {
          "line": 22,
          "column": 2
        },
        "end": {
          "line": 22,
          "column": 7
        }
      },
      "11": {
        "start": {
          "line": 23,
          "column": 36
        },
        "end": {
          "line": 23,
          "column": 51
        }
      },
      "12": {
        "start": {
          "line": 24,
          "column": 2
        },
        "end": {
          "line": 145,
          "column": 11
        }
      },
      "13": {
        "start": {
          "line": 31,
          "column": 6
        },
        "end": {
          "line": 31,
          "column": 26
        }
      },
      "14": {
        "start": {
          "line": 32,
          "column": 6
        },
        "end": {
          "line": 32,
          "column": 25
        }
      },
      "15": {
        "start": {
          "line": 33,
          "column": 6
        },
        "end": {
          "line": 33,
          "column": 26
        }
      },
      "16": {
        "start": {
          "line": 49,
          "column": 220
        },
        "end": {
          "line": 49,
          "column": 256
        }
      },
      "17": {
        "start": {
          "line": 147,
          "column": 0
        },
        "end": {
          "line": 147,
          "column": 45
        }
      },
      "18": {
        "start": {
          "line": 148,
          "column": 0
        },
        "end": {
          "line": 148,
          "column": 14
        }
      },
      "19": {
        "start": {
          "line": 151,
          "column": 0
        },
        "end": {
          "line": 151,
          "column": 29
        }
      },
      "20": {
        "start": {
          "line": 152,
          "column": 0
        },
        "end": {
          "line": 168,
          "column": 1
        }
      },
      "21": {
        "start": {
          "line": 153,
          "column": 2
        },
        "end": {
          "line": 153,
          "column": 39
        }
      },
      "22": {
        "start": {
          "line": 154,
          "column": 2
        },
        "end": {
          "line": 154,
          "column": 39
        }
      },
      "23": {
        "start": {
          "line": 155,
          "column": 2
        },
        "end": {
          "line": 167,
          "column": 5
        }
      },
      "24": {
        "start": {
          "line": 159,
          "column": 4
        },
        "end": {
          "line": 159,
          "column": 172
        }
      },
      "25": {
        "start": {
          "line": 160,
          "column": 4
        },
        "end": {
          "line": 166,
          "column": 7
        }
      },
      "26": {
        "start": {
          "line": 161,
          "column": 6
        },
        "end": {
          "line": 162,
          "column": 15
        }
      },
      "27": {
        "start": {
          "line": 162,
          "column": 8
        },
        "end": {
          "line": 162,
          "column": 15
        }
      },
      "28": {
        "start": {
          "line": 163,
          "column": 32
        },
        "end": {
          "line": 163,
          "column": 115
        }
      },
      "29": {
        "start": {
          "line": 164,
          "column": 6
        },
        "end": {
          "line": 165,
          "column": 54
        }
      },
      "30": {
        "start": {
          "line": 165,
          "column": 8
        },
        "end": {
          "line": 165,
          "column": 54
        }
      }
    },
    "fnMap": {
      "0": {
        "name": "(anonymous_0)",
        "decl": {
          "start": {
            "line": 11,
            "column": 24
          },
          "end": {
            "line": 11,
            "column": 25
          }
        },
        "loc": {
          "start": {
            "line": 11,
            "column": 38
          },
          "end": {
            "line": 13,
            "column": 3
          }
        },
        "line": 11
      },
      "1": {
        "name": "(anonymous_1)",
        "decl": {
          "start": {
            "line": 21,
            "column": 17
          },
          "end": {
            "line": 21,
            "column": 18
          }
        },
        "loc": {
          "start": {
            "line": 21,
            "column": 28
          },
          "end": {
            "line": 146,
            "column": 1
          }
        },
        "line": 21
      },
      "2": {
        "name": "(anonymous_2)",
        "decl": {
          "start": {
            "line": 30,
            "column": 93
          },
          "end": {
            "line": 30,
            "column": 94
          }
        },
        "loc": {
          "start": {
            "line": 30,
            "column": 100
          },
          "end": {
            "line": 34,
            "column": 5
          }
        },
        "line": 30
      },
      "3": {
        "name": "(anonymous_3)",
        "decl": {
          "start": {
            "line": 49,
            "column": 214
          },
          "end": {
            "line": 49,
            "column": 215
          }
        },
        "loc": {
          "start": {
            "line": 49,
            "column": 220
          },
          "end": {
            "line": 49,
            "column": 256
          }
        },
        "line": 49
      },
      "4": {
        "name": "(anonymous_4)",
        "decl": {
          "start": {
            "line": 158,
            "column": 9
          },
          "end": {
            "line": 158,
            "column": 10
          }
        },
        "loc": {
          "start": {
            "line": 158,
            "column": 29
          },
          "end": {
            "line": 167,
            "column": 3
          }
        },
        "line": 158
      },
      "5": {
        "name": "(anonymous_5)",
        "decl": {
          "start": {
            "line": 160,
            "column": 27
          },
          "end": {
            "line": 160,
            "column": 28
          }
        },
        "loc": {
          "start": {
            "line": 160,
            "column": 44
          },
          "end": {
            "line": 166,
            "column": 5
          }
        },
        "line": 160
      }
    },
    "branchMap": {
      "0": {
        "loc": {
          "start": {
            "line": 5,
            "column": 0
          },
          "end": {
            "line": 15,
            "column": 1
          }
        },
        "type": "if",
        "locations": [
          {
            "start": {
              "line": 5,
              "column": 0
            },
            "end": {
              "line": 15,
              "column": 1
            }
          },
          {
            "start": {},
            "end": {}
          }
        ],
        "line": 5
      },
      "1": {
        "loc": {
          "start": {
            "line": 6,
            "column": 2
          },
          "end": {
            "line": 8,
            "column": 3
          }
        },
        "type": "if",
        "locations": [
          {
            "start": {
              "line": 6,
              "column": 2
            },
            "end": {
              "line": 8,
              "column": 3
            }
          },
          {
            "start": {},
            "end": {}
          }
        ],
        "line": 6
      },
      "2": {
        "loc": {
          "start": {
            "line": 24,
            "column": 121
          },
          "end": {
            "line": 29,
            "column": 8
          }
        },
        "type": "cond-expr",
        "locations": [
          {
            "start": {
              "line": 24,
              "column": 137
            },
            "end": {
              "line": 29,
              "column": 3
            }
          },
          {
            "start": {
              "line": 29,
              "column": 6
            },
            "end": {
              "line": 29,
              "column": 8
            }
          }
        ],
        "line": 24
      },
      "3": {
        "loc": {
          "start": {
            "line": 30,
            "column": 4
          },
          "end": {
            "line": 38,
            "column": 28
          }
        },
        "type": "binary-expr",
        "locations": [
          {
            "start": {
              "line": 30,
              "column": 4
            },
            "end": {
              "line": 30,
              "column": 13
            }
          },
          {
            "start": {
              "line": 30,
              "column": 17
            },
            "end": {
              "line": 38,
              "column": 28
            }
          }
        ],
        "line": 30
      },
      "4": {
        "loc": {
          "start": {
            "line": 49,
            "column": 220
          },
          "end": {
            "line": 49,
            "column": 256
          }
        },
        "type": "binary-expr",
        "locations": [
          {
            "start": {
              "line": 49,
              "column": 220
            },
            "end": {
              "line": 49,
              "column": 234
            }
          },
          {
            "start": {
              "line": 49,
              "column": 238
            },
            "end": {
              "line": 49,
              "column": 256
            }
          }
        ],
        "line": 49
      },
      "5": {
        "loc": {
          "start": {
            "line": 49,
            "column": 265
          },
          "end": {
            "line": 51,
            "column": 12
          }
        },
        "type": "cond-expr",
        "locations": [
          {
            "start": {
              "line": 49,
              "column": 281
            },
            "end": {
              "line": 51,
              "column": 7
            }
          },
          {
            "start": {
              "line": 51,
              "column": 10
            },
            "end": {
              "line": 51,
              "column": 12
            }
          }
        ],
        "line": 49
      },
      "6": {
        "loc": {
          "start": {
            "line": 60,
            "column": 76
          },
          "end": {
            "line": 62,
            "column": 12
          }
        },
        "type": "cond-expr",
        "locations": [
          {
            "start": {
              "line": 60,
              "column": 92
            },
            "end": {
              "line": 62,
              "column": 7
            }
          },
          {
            "start": {
              "line": 62,
              "column": 10
            },
            "end": {
              "line": 62,
              "column": 12
            }
          }
        ],
        "line": 60
      },
      "7": {
        "loc": {
          "start": {
            "line": 152,
            "column": 0
          },
          "end": {
            "line": 168,
            "column": 1
          }
        },
        "type": "if",
        "locations": [
          {
            "start": {
              "line": 152,
              "column": 0
            },
            "end": {
              "line": 168,
              "column": 1
            }
          },
          {
            "start": {},
            "end": {}
          }
        ],
        "line": 152
      },
      "8": {
        "loc": {
          "start": {
            "line": 161,
            "column": 6
          },
          "end": {
            "line": 162,
            "column": 15
          }
        },
        "type": "if",
        "locations": [
          {
            "start": {
              "line": 161,
              "column": 6
            },
            "end": {
              "line": 162,
              "column": 15
            }
          },
          {
            "start": {},
            "end": {}
          }
        ],
        "line": 161
      },
      "9": {
        "loc": {
          "start": {
            "line": 164,
            "column": 6
          },
          "end": {
            "line": 165,
            "column": 54
          }
        },
        "type": "if",
        "locations": [
          {
            "start": {
              "line": 164,
              "column": 6
            },
            "end": {
              "line": 165,
              "column": 54
            }
          },
          {
            "start": {},
            "end": {}
          }
        ],
        "line": 164
      }
    },
    "s": {
      "0": 24,
      "1": 24,
      "2": 0,
      "3": 24,
      "4": 24,
      "5": 24,
      "6": 24,
      "7": 24,
      "8": 24,
      "9": 24,
      "10": 1800,
      "11": 1800,
      "12": 1800,
      "13": 0,
      "14": 0,
      "15": 0,
      "16": 0,
      "17": 24,
      "18": 24,
      "19": 24,
      "20": 24,
      "21": 24,
      "22": 24,
      "23": 24,
      "24": 22,
      "25": 22,
      "26": 0,
      "27": 0,
      "28": 0,
      "29": 0,
      "30": 0
    },
    "f": {
      "0": 24,
      "1": 1800,
      "2": 0,
      "3": 0,
      "4": 22,
      "5": 0
    },
    "b": {
      "0": [
        24,
        0
      ],
      "1": [
        0,
        24
      ],
      "2": [
        0,
        1800
      ],
      "3": [
        1800,
        0
      ],
      "4": [
        0,
        0
      ],
      "5": [
        0,
        1800
      ],
      "6": [
        0,
        1800
      ],
      "7": [
        24,
        0
      ],
      "8": [
        0,
        0
      ],
      "9": [
        0,
        0
      ]
    },
    "inputSourceMap": {
      "version": 3,
      "mappings": "AAkBU;;;;;;;;;;;;;;;;AAlBV,SAAgCA,gBAAgB;AAChD,SAASC,oBAAoB;AAE7B,SAASC,SAASC,QAAQC,UAAUC,SAASC,cAAc;AAE3D,OAAOC,eAAe;AAEtB,MAAMC,WAAWA,CAACC,UAAgD;AAAAC;AAChE,QAAM,CAACC,WAAWC,YAAY,IAAIZ,SAAS,KAAK;AAEhD,SACE,uBAAC,QACC,WAAU,wBACV,eAAY,wBACZ,OAAOS,MAAMI,UAAU;AAAA,IAAEC,UAAU;AAAA,IAASC,MAAM;AAAA,IAAOC,KAAK;AAAA,IAAOC,QAAQ;AAAA,EAAG,IAAI,CAAC,GAEpFN;AAAAA,iBACCV,aACE,uBAAC,aACC,MAAMQ,MAAMS,MACZ,SAAS,CAACC,MAAsB;AAC9BA,QAAEC,gBAAgB;AAClBD,QAAEE,eAAe;AACjBT,mBAAa,KAAK;AAAA,IACpB,KANF;AAAA;AAAA;AAAA;AAAA,WAMI,GAEJU,SAASC,IACX;AAAA,IAEF,uBAAC,SAAI,WAAU,qBACb,iCAAC,QAAG,WAAU,oBAAoBd,gBAAMS,KAAKM,QAA7C;AAAA;AAAA;AAAA;AAAA,WAAkD,KADpD;AAAA;AAAA;AAAA;AAAA,WAEA;AAAA,IACA,uBAAC,SAAI,WAAU,sBACb;AAAA,6BAAC,SAAI,WAAU,yBACb,iCAAC,SACC,WAAU,cACV,eAAY,cACZ,KAAKf,MAAMS,KAAKO,OAChB,KAAI,OACJ,SAAS,MAAM,CAAChB,MAAMI,WAAWD,aAAa,IAAI,GAClD,OAAOH,MAAMI,UAAU;AAAA,QAAEa,QAAQ;AAAA,MAAU,IAAI,CAAC,KANlD;AAAA;AAAA;AAAA;AAAA,aAMoD,KAPtD;AAAA;AAAA;AAAA;AAAA,aASA;AAAA,MACA,uBAAC,SAAI,WAAU,oBAAmB,OAAOjB,MAAMI,UAAU;AAAA,QAAEc,SAAS;AAAA,MAAO,IAAI,CAAC,GAC9E;AAAA,+BAAC,OAAE,WAAU,0BACX;AAAA,iCAAC,UAAK,WAAU,0BAA0BtB,qBAA1C;AAAA;AAAA;AAAA;AAAA,iBAAkD;AAAA,UAAO;AAAA,UAAEI,MAAMS,KAAKU;AAAAA,aADxE;AAAA;AAAA;AAAA;AAAA,eAEA;AAAA,QACA,uBAAC,OAAE,WAAU,0BACX;AAAA,iCAAC,UAAK,WAAU,0BAA0BtB,oBAA1C;AAAA;AAAA;AAAA;AAAA,iBAAiD;AAAA,UAAO;AAAA,UAAEG,MAAMS,KAAKW;AAAAA,aADvE;AAAA;AAAA;AAAA;AAAA,eAEA;AAAA,QACA,uBAAC,OAAE,WAAU,0BACX;AAAA,iCAAC,UAAK,WAAU,0BAA0B3B,qBAA1C;AAAA;AAAA;AAAA;AAAA,iBAAkD;AAAA,UAAO;AAAA,UAAEO,MAAMS,KAAKY;AAAAA,aADxE;AAAA;AAAA;AAAA;AAAA,eAEA;AAAA,QACA,uBAAC,OAAE,WAAU,0BACX;AAAA,iCAAC,UAAK,WAAU,0BAA0B3B;AAAAA;AAAAA,YAAO;AAAA,eAAjD;AAAA;AAAA;AAAA;AAAA,iBAAkD;AAAA,UAAO;AAAA,UAAEM,MAAMS,KAAKa;AAAAA,aADxE;AAAA;AAAA;AAAA;AAAA,eAEA;AAAA,QACA,uBAAC,OAAE,WAAU,0BACX;AAAA,iCAAC,UAAK,WAAU,0BAA0B3B,sBAA1C;AAAA;AAAA;AAAA;AAAA,iBAAmD;AAAA,UAAO;AAAA,UAAEK,MAAMS,KAAKc,SAASR;AAAAA,aADlF;AAAA;AAAA;AAAA;AAAA,eAEA;AAAA,WAfF;AAAA;AAAA;AAAA;AAAA,aAgBA;AAAA,SA3BF;AAAA;AAAA;AAAA;AAAA,WA4BA;AAAA,OAjDF;AAAA;AAAA;AAAA;AAAA,SAkDA;AAEJ;AAAEd,GAxDIF,UAAQ;AAAAyB,KAARzB;AAyDN,eAAeA;AAAS;AAAA0B",
      "names": [
        "useState",
        "createPortal",
        "CREATED",
        "GENDER",
        "LOCATION",
        "SPECIES",
        "STATUS",
        "PopUpCard",
        "CardItem",
        "props",
        "_s",
        "showModal",
        "setShowModal",
        "isModal",
        "position",
        "left",
        "top",
        "zIndex",
        "card",
        "e",
        "stopPropagation",
        "preventDefault",
        "document",
        "body",
        "name",
        "image",
        "cursor",
        "display",
        "species",
        "status",
        "created",
        "gender",
        "location",
        "_c",
        "$RefreshReg$"
      ],
      "sources": [
        "/Users/macbook/Desktop/RsSchool/React/components/RSS-React/vite-project/src/components/UI/CardItem.tsx"
      ],
      "file": "/Users/macbook/Desktop/RsSchool/React/components/RSS-React/vite-project/src/components/UI/CardItem.tsx"
    },
    "_coverageSchema": "1a1c01bbd47fc00a2c39e90264f33305004495a9",
    "hash": "ba22176bde4caccc646ba43e4e9a4ca360331517"
  },
  "/Users/macbook/Desktop/RsSchool/React/components/RSS-React/vite-project/src/components/UI/CardList.tsx": {
    "path": "/Users/macbook/Desktop/RsSchool/React/components/RSS-React/vite-project/src/components/UI/CardList.tsx",
    "statementMap": {
      "0": {
        "start": {
          "line": 5,
          "column": 0
        },
        "end": {
          "line": 15,
          "column": 1
        }
      },
      "1": {
        "start": {
          "line": 6,
          "column": 2
        },
        "end": {
          "line": 8,
          "column": 3
        }
      },
      "2": {
        "start": {
          "line": 7,
          "column": 4
        },
        "end": {
          "line": 7,
          "column": 165
        }
      },
      "3": {
        "start": {
          "line": 9,
          "column": 2
        },
        "end": {
          "line": 9,
          "column": 39
        }
      },
      "4": {
        "start": {
          "line": 10,
          "column": 2
        },
        "end": {
          "line": 10,
          "column": 39
        }
      },
      "5": {
        "start": {
          "line": 11,
          "column": 2
        },
        "end": {
          "line": 13,
          "column": 4
        }
      },
      "6": {
        "start": {
          "line": 12,
          "column": 4
        },
        "end": {
          "line": 12,
          "column": 146
        }
      },
      "7": {
        "start": {
          "line": 14,
          "column": 2
        },
        "end": {
          "line": 14,
          "column": 75
        }
      },
      "8": {
        "start": {
          "line": 17,
          "column": 17
        },
        "end": {
          "line": 27,
          "column": 1
        }
      },
      "9": {
        "start": {
          "line": 18,
          "column": 2
        },
        "end": {
          "line": 26,
          "column": 11
        }
      },
      "10": {
        "start": {
          "line": 18,
          "column": 148
        },
        "end": {
          "line": 22,
          "column": 10
        }
      },
      "11": {
        "start": {
          "line": 28,
          "column": 0
        },
        "end": {
          "line": 28,
          "column": 14
        }
      },
      "12": {
        "start": {
          "line": 31,
          "column": 0
        },
        "end": {
          "line": 31,
          "column": 29
        }
      },
      "13": {
        "start": {
          "line": 32,
          "column": 0
        },
        "end": {
          "line": 48,
          "column": 1
        }
      },
      "14": {
        "start": {
          "line": 33,
          "column": 2
        },
        "end": {
          "line": 33,
          "column": 39
        }
      },
      "15": {
        "start": {
          "line": 34,
          "column": 2
        },
        "end": {
          "line": 34,
          "column": 39
        }
      },
      "16": {
        "start": {
          "line": 35,
          "column": 2
        },
        "end": {
          "line": 47,
          "column": 5
        }
      },
      "17": {
        "start": {
          "line": 39,
          "column": 4
        },
        "end": {
          "line": 39,
          "column": 172
        }
      },
      "18": {
        "start": {
          "line": 40,
          "column": 4
        },
        "end": {
          "line": 46,
          "column": 7
        }
      },
      "19": {
        "start": {
          "line": 41,
          "column": 6
        },
        "end": {
          "line": 42,
          "column": 15
        }
      },
      "20": {
        "start": {
          "line": 42,
          "column": 8
        },
        "end": {
          "line": 42,
          "column": 15
        }
      },
      "21": {
        "start": {
          "line": 43,
          "column": 32
        },
        "end": {
          "line": 43,
          "column": 115
        }
      },
      "22": {
        "start": {
          "line": 44,
          "column": 6
        },
        "end": {
          "line": 45,
          "column": 54
        }
      },
      "23": {
        "start": {
          "line": 45,
          "column": 8
        },
        "end": {
          "line": 45,
          "column": 54
        }
      }
    },
    "fnMap": {
      "0": {
        "name": "(anonymous_0)",
        "decl": {
          "start": {
            "line": 11,
            "column": 24
          },
          "end": {
            "line": 11,
            "column": 25
          }
        },
        "loc": {
          "start": {
            "line": 11,
            "column": 38
          },
          "end": {
            "line": 13,
            "column": 3
          }
        },
        "line": 11
      },
      "1": {
        "name": "(anonymous_1)",
        "decl": {
          "start": {
            "line": 17,
            "column": 17
          },
          "end": {
            "line": 17,
            "column": 18
          }
        },
        "loc": {
          "start": {
            "line": 17,
            "column": 28
          },
          "end": {
            "line": 27,
            "column": 1
          }
        },
        "line": 17
      },
      "2": {
        "name": "(anonymous_2)",
        "decl": {
          "start": {
            "line": 18,
            "column": 122
          },
          "end": {
            "line": 18,
            "column": 123
          }
        },
        "loc": {
          "start": {
            "line": 18,
            "column": 148
          },
          "end": {
            "line": 22,
            "column": 10
          }
        },
        "line": 18
      },
      "3": {
        "name": "(anonymous_3)",
        "decl": {
          "start": {
            "line": 38,
            "column": 9
          },
          "end": {
            "line": 38,
            "column": 10
          }
        },
        "loc": {
          "start": {
            "line": 38,
            "column": 29
          },
          "end": {
            "line": 47,
            "column": 3
          }
        },
        "line": 38
      },
      "4": {
        "name": "(anonymous_4)",
        "decl": {
          "start": {
            "line": 40,
            "column": 27
          },
          "end": {
            "line": 40,
            "column": 28
          }
        },
        "loc": {
          "start": {
            "line": 40,
            "column": 44
          },
          "end": {
            "line": 46,
            "column": 5
          }
        },
        "line": 40
      }
    },
    "branchMap": {
      "0": {
        "loc": {
          "start": {
            "line": 5,
            "column": 0
          },
          "end": {
            "line": 15,
            "column": 1
          }
        },
        "type": "if",
        "locations": [
          {
            "start": {
              "line": 5,
              "column": 0
            },
            "end": {
              "line": 15,
              "column": 1
            }
          },
          {
            "start": {},
            "end": {}
          }
        ],
        "line": 5
      },
      "1": {
        "loc": {
          "start": {
            "line": 6,
            "column": 2
          },
          "end": {
            "line": 8,
            "column": 3
          }
        },
        "type": "if",
        "locations": [
          {
            "start": {
              "line": 6,
              "column": 2
            },
            "end": {
              "line": 8,
              "column": 3
            }
          },
          {
            "start": {},
            "end": {}
          }
        ],
        "line": 6
      },
      "2": {
        "loc": {
          "start": {
            "line": 32,
            "column": 0
          },
          "end": {
            "line": 48,
            "column": 1
          }
        },
        "type": "if",
        "locations": [
          {
            "start": {
              "line": 32,
              "column": 0
            },
            "end": {
              "line": 48,
              "column": 1
            }
          },
          {
            "start": {},
            "end": {}
          }
        ],
        "line": 32
      },
      "3": {
        "loc": {
          "start": {
            "line": 41,
            "column": 6
          },
          "end": {
            "line": 42,
            "column": 15
          }
        },
        "type": "if",
        "locations": [
          {
            "start": {
              "line": 41,
              "column": 6
            },
            "end": {
              "line": 42,
              "column": 15
            }
          },
          {
            "start": {},
            "end": {}
          }
        ],
        "line": 41
      },
      "4": {
        "loc": {
          "start": {
            "line": 44,
            "column": 6
          },
          "end": {
            "line": 45,
            "column": 54
          }
        },
        "type": "if",
        "locations": [
          {
            "start": {
              "line": 44,
              "column": 6
            },
            "end": {
              "line": 45,
              "column": 54
            }
          },
          {
            "start": {},
            "end": {}
          }
        ],
        "line": 44
      }
    },
    "s": {
      "0": 24,
      "1": 24,
      "2": 0,
      "3": 24,
      "4": 24,
      "5": 24,
      "6": 24,
      "7": 24,
      "8": 24,
      "9": 90,
      "10": 1800,
      "11": 24,
      "12": 24,
      "13": 24,
      "14": 24,
      "15": 24,
[...]
            }
          },
          {
            "start": {},
            "end": {}
          }
        ],
        "line": 194
      }
    },
    "s": {
      "0": 24,
      "1": 24,
      "2": 0,
      "3": 24,
      "4": 24,
      "5": 24,
      "6": 24,
      "7": 24,
      "8": 24,
      "9": 24,
      "10": 16,
      "11": 16,
      "12": 16,
      "13": 16,
      "14": 16,
      "15": 16,
      "16": 16,
      "17": 0,
      "18": 0,
      "19": 0,
      "20": 0,
      "21": 0,
      "22": 0,
      "23": 16,
      "24": 0,
      "25": 0,
      "26": 0,
      "27": 24,
      "28": 8,
      "29": 24,
      "30": 24,
      "31": 24,
      "32": 24,
      "33": 24,
      "34": 24,
      "35": 22,
      "36": 22,
      "37": 0,
      "38": 0,
      "39": 0,
      "40": 0,
      "41": 0
    },
    "f": {
      "0": 24,
      "1": 16,
      "2": 16,
      "3": 0,
      "4": 0,
      "5": 0,
      "6": 0,
      "7": 0,
      "8": 8,
      "9": 22,
      "10": 0
    },
    "b": {
      "0": [
        24,
        0
      ],
      "1": [
        0,
        24
      ],
      "2": [
        0,
        0
      ],
      "3": [
        0,
        0
      ],
      "4": [
        16,
        0
      ],
      "5": [
        24,
        0
      ],
      "6": [
        0,
        0
      ],
      "7": [
        0,
        0
      ]
    },
    "inputSourceMap": {
      "version": 3,
      "mappings": "AA+DkB;;;;;;;;;;;;;;;;AA/DlB,SAAgBA,gBAAgB;AAChC,SAASC,eAAe;AACxB,SAASC,gBAAgBC,sBAAsB;AAC/C,SAASC,iBAAiB;AAG1B,OAAOC,kBAAkB;AACzB,OAAOC,cAAc;AACrB,SACEC,OACAC,kBACAC,MACAC,oBACAC,MACAC,cACK;AACP,OAAOC,WAAW;AAClB,OAAOC,eAAe;AACtB,OAAOC,gBAAgB;AACvB,OAAOC,eAAe;AACtB,OAAOC,kBAAkB;AACzB,OAAOC,iBAAiB;AACxB,OAAOC,mBAAmB;AAC1B,OAAOC,mBAAmB;AAC1B,OAAOC,gBAAgB;AACvB,OAAOC,cAAc;AAErB,MAAMC,QAAQA,MAAM;AAAAC;AAClB,QAAM;AAAA,IACJC;AAAAA,IACAC;AAAAA,IACAC,WAAW;AAAA,MAAEC;AAAAA,IAAO;AAAA,IACpBC;AAAAA,EACF,IAAI5B,QAAQ;AACZ,QAAM,CAAC6B,SAASC,UAAU,IAAI/B,SAAS,KAAK;AAC5C,QAAMgC,WAAW9B,eAAe;AAChC,QAAM;AAAA,IAAE+B;AAAAA,EAAU,IAAI9B,eAAgB+B,WAAUA,MAAMC,WAAW;AAEjE,QAAMC,WAAWV,aAAcW,UAAS;AACtC,UAAMC,aAAuB;AAAA,MAC3BC,IAAIjC,SAASkC,KAAKC,SAAS,IAAIR,UAAUQ;AAAAA,MACzCC,OAAOC,IAAIC,gBAAgBP,KAAKK,MAAM,CAAC,CAAuB;AAAA,MAC9DG,QAAQR,KAAKQ,SAAStC,QAAQE;AAAAA,MAC9BqC,MAAMT,KAAKS;AAAAA,MACXC,SAASV,KAAKU;AAAAA,MACdC,SAASX,KAAKW;AAAAA,MACdC,QAAQZ,KAAKa,OAAOvC,OAAOC;AAAAA,MAC3BuC,UAAU;AAAA,QACRL,MAAMT,KAAKe;AAAAA,MACb;AAAA,IACF;AAEArB,eAAW,IAAI;AAEfsB,eAAW,MAAM;AACftB,iBAAW,KAAK;AAChBC,eAAS5B,UAAUkD,QAAQ3B,UAAU,CAAC,GAAGM,WAAWK,UAAU,CAAC,CAAC;AAChET,YAAM;AAAA,IACR,GAAG,GAAI;AAAA,EACT,CAAC;AAED,SACE,uBAAC,UAAK,WAAU,QACbC;AAAAA,eAAW,uBAAC,WAAD;AAAA;AAAA;AAAA;AAAA,WAAM;AAAA,IAClB,uBAAC,UAAK,WAAU,eAAc,UAAoB,eAAY,gBAC5D;AAAA,6BAAC,QAAG,WAAU,gBAAgBtB,8BAA9B;AAAA;AAAA;AAAA;AAAA,aAA+C;AAAA,MAE/C,uBAAC,aACC,KAAK;AAAA,QACH,GAAGiB,SAAS,QAAQ;AAAA,UAClB8B,UAAU;AAAA,UACVC,WAAW;AAAA,UACXC,SAAS/C;AAAAA,QACX,CAAC;AAAA,MACH,GACA,KAAKkB,OAAOkB,QARd;AAAA;AAAA;AAAA;AAAA,aAQmB;AAAA,MAGnB,uBAAC,cAAW,KAAK;AAAA,QAAE,GAAGrB,SAAS,SAAS;AAAA,UAAE8B,UAAU;AAAA,QAAK,CAAC;AAAA,MAAE,GAAG,KAAK3B,OAAOc,SAA3E;AAAA;AAAA;AAAA;AAAA,aAAiF;AAAA,MAEjF,uBAAC,aACC,KAAK;AAAA,QACH,GAAGjB,SAAS,WAAW;AAAA,UACrB8B,UAAU;AAAA,UACVG,UAAWC,UAASC,KAAKC,IAAI,KAAKD,KAAKE,MAAMH,IAAI;AAAA,QACnD,CAAC;AAAA,MACH,GACA,KAAK/B,OAAOoB,WAPd;AAAA;AAAA;AAAA;AAAA,aAOsB;AAAA,MAGtB,uBAAC,iBACC,KAAK;AAAA,QACH,GAAGvB,SAAS,WAAW;AAAA,UACrB8B,UAAU;AAAA,UACVG,UAAWK,WAAUA,UAAU1D,aAAa,CAAC;AAAA,QAC/C,CAAC;AAAA,MACH,GACA,KAAKuB,OAAOmB,WAPd;AAAA;AAAA;AAAA;AAAA,aAOsB;AAAA,MAGtB,uBAAC,iBACC,KAAK;AAAA,QACH,GAAGtB,SAAS,gBAAgB;AAAA,UAC1B8B,UAAU;AAAA,UACVC,WAAW;AAAA,UACXC,SAAS/C;AAAAA,QACX,CAAC;AAAA,MACH,GACA,KAAKkB,OAAOwB,gBARd;AAAA;AAAA;AAAA;AAAA,aAQ2B;AAAA,MAE3B,uBAAC,gBAAa,KAAK;AAAA,QAAE,GAAG3B,SAAS,UAAU;AAAA,UAAE8B,UAAU;AAAA,QAAK,CAAC;AAAA,MAAE,GAAG,KAAK3B,OAAOqB,UAA9E;AAAA;AAAA;AAAA;AAAA,aAAqF;AAAA,MAErF,uBAAC,cAAW,KAAK;AAAA,QAAE,GAAGxB,SAAS,QAAQ;AAAA,MAAE,KAAzC;AAAA;AAAA;AAAA;AAAA,aAA2C;AAAA,MAE3C,uBAAC,eAAY,KAAK;AAAA,QAAE,GAAGA,SAAS,aAAa;AAAA,MAAE,KAA/C;AAAA;AAAA;AAAA;AAAA,aAAiD;AAAA,SAlDnD;AAAA;AAAA;AAAA;AAAA,WAmDA;AAAA,IAEA,uBAAC,QAAG,WAAU,eACXQ,oBAAU+B,IAAKC,UACd,uBAAC,YAAuB,MAAY,SAAS,SAA9BA,KAAK1B,IAApB;AAAA;AAAA;AAAA;AAAA,WAAmD,CACpD,KAHH;AAAA;AAAA;AAAA;AAAA,WAIA;AAAA,OA3DF;AAAA;AAAA;AAAA;AAAA,SA4DA;AAEJ;AAAEf,GAjGID,OAAK;AAAA,UAMLtB,SAEaC,gBACKC,cAAc;AAAA;AAAA+D,KAThC3C;AAkGN,eAAeA;AAAM;AAAA4C",
      "names": [
        "useState",
        "useForm",
        "useAppDispatch",
        "useAppSelector",
        "formSlice",
        "BREEDS__LIST",
        "catsData",
        "ALIVE",
        "CARD_CONSTRUCTOR",
        "DEAD",
        "TEXT_INPUT_PATTERN",
        "MALE",
        "FEMALE",
        "PopUp",
        "NameInput",
        "Photoinput",
        "DateInput",
        "GendersInput",
        "SubmitInput",
        "SpeciesSelect",
        "LocationInput",
        "AliveInput",
        "CardItem",
        "Forms",
        "_s",
        "register",
        "handleSubmit",
        "formState",
        "errors",
        "reset",
        "confirm",
        "setConfirm",
        "dispatch",
        "formCards",
        "state",
        "formReducer",
        "onSubmit",
        "data",
        "inputsList",
        "id",
        "cats",
        "length",
        "image",
        "URL",
        "createObjectURL",
        "status",
        "name",
        "species",
        "created",
        "gender",
        "male",
        "location",
        "locationName",
        "setTimeout",
        "actions",
        "required",
        "minLength",
        "pattern",
        "validate",
        "date",
        "Date",
        "now",
        "parse",
        "breed",
        "map",
        "card",
        "_c",
        "$RefreshReg$"
      ],
      "sources": [
        "/Users/macbook/Desktop/RsSchool/React/components/RSS-React/vite-project/src/pages/Forms.tsx"
      ],
      "file": "/Users/macbook/Desktop/RsSchool/React/components/RSS-React/vite-project/src/pages/Forms.tsx"
    },
    "_coverageSchema": "1a1c01bbd47fc00a2c39e90264f33305004495a9",
    "hash": "70b4c64e49935314333f0079f07e9632f783ed17"
  },
  "/Users/macbook/Desktop/RsSchool/React/components/RSS-React/vite-project/src/App.tsx": {
    "path": "/Users/macbook/Desktop/RsSchool/React/components/RSS-React/vite-project/src/App.tsx",
    "statementMap": {
      "0": {
        "start": {
          "line": 5,
          "column": 0
        },
        "end": {
          "line": 15,
          "column": 1
        }
      },
      "1": {
        "start": {
          "line": 6,
          "column": 2
        },
        "end": {
          "line": 8,
          "column": 3
        }
      },
      "2": {
        "start": {
          "line": 7,
          "column": 4
        },
        "end": {
          "line": 7,
          "column": 165
        }
      },
      "3": {
        "start": {
          "line": 9,
          "column": 2
        },
        "end": {
          "line": 9,
          "column": 39
        }
      },
      "4": {
        "start": {
          "line": 10,
          "column": 2
        },
        "end": {
          "line": 10,
          "column": 39
        }
      },
      "5": {
        "start": {
          "line": 11,
          "column": 2
        },
        "end": {
          "line": 13,
          "column": 4
        }
      },
      "6": {
        "start": {
          "line": 12,
          "column": 4
        },
        "end": {
          "line": 12,
          "column": 127
        }
      },
      "7": {
        "start": {
          "line": 14,
          "column": 2
        },
        "end": {
          "line": 14,
          "column": 75
        }
      },
      "8": {
        "start": {
          "line": 23,
          "column": 12
        },
        "end": {
          "line": 77,
          "column": 1
        }
      },
      "9": {
        "start": {
          "line": 24,
          "column": 2
        },
        "end": {
          "line": 76,
          "column": 11
        }
      },
      "10": {
        "start": {
          "line": 78,
          "column": 0
        },
        "end": {
          "line": 78,
          "column": 9
        }
      },
      "11": {
        "start": {
          "line": 81,
          "column": 0
        },
        "end": {
          "line": 81,
          "column": 24
        }
      },
      "12": {
        "start": {
          "line": 82,
          "column": 0
        },
        "end": {
          "line": 98,
          "column": 1
        }
      },
      "13": {
        "start": {
          "line": 83,
          "column": 2
        },
        "end": {
          "line": 83,
          "column": 39
        }
      },
      "14": {
        "start": {
          "line": 84,
          "column": 2
        },
        "end": {
          "line": 84,
          "column": 39
        }
      },
      "15": {
        "start": {
          "line": 85,
          "column": 2
        },
        "end": {
          "line": 97,
          "column": 5
        }
      },
      "16": {
        "start": {
          "line": 89,
          "column": 4
        },
        "end": {
          "line": 89,
          "column": 153
        }
      },
      "17": {
        "start": {
          "line": 90,
          "column": 4
        },
        "end": {
          "line": 96,
          "column": 7
        }
      },
      "18": {
        "start": {
          "line": 91,
          "column": 6
        },
        "end": {
          "line": 92,
          "column": 15
        }
      },
      "19": {
        "start": {
          "line": 92,
          "column": 8
        },
        "end": {
          "line": 92,
          "column": 15
        }
      },
      "20": {
        "start": {
          "line": 93,
          "column": 32
        },
        "end": {
          "line": 93,
          "column": 115
        }
      },
      "21": {
        "start": {
          "line": 94,
          "column": 6
        },
        "end": {
          "line": 95,
          "column": 54
        }
      },
      "22": {
        "start": {
          "line": 95,
          "column": 8
        },
        "end": {
          "line": 95,
          "column": 54
        }
      }
    },
    "fnMap": {
      "0": {
        "name": "(anonymous_0)",
        "decl": {
          "start": {
            "line": 11,
            "column": 24
          },
          "end": {
            "line": 11,
            "column": 25
          }
        },
        "loc": {
          "start": {
            "line": 11,
            "column": 38
          },
          "end": {
            "line": 13,
            "column": 3
          }
        },
        "line": 11
      },
      "1": {
        "name": "(anonymous_1)",
        "decl": {
          "start": {
            "line": 23,
            "column": 12
          },
          "end": {
            "line": 23,
            "column": 13
          }
        },
        "loc": {
          "start": {
            "line": 23,
            "column": 18
          },
          "end": {
            "line": 77,
            "column": 1
          }
        },
        "line": 23
      },
      "2": {
        "name": "(anonymous_2)",
        "decl": {
          "start": {
            "line": 88,
            "column": 9
          },
          "end": {
            "line": 88,
            "column": 10
          }
        },
        "loc": {
          "start": {
            "line": 88,
            "column": 29
          },
          "end": {
            "line": 97,
            "column": 3
          }
        },
        "line": 88
      },
      "3": {
        "name": "(anonymous_3)",
        "decl": {
          "start": {
            "line": 90,
            "column": 27
          },
          "end": {
            "line": 90,
            "column": 28
          }
        },
        "loc": {
          "start": {
            "line": 90,
            "column": 44
          },
          "end": {
            "line": 96,
            "column": 5
          }
        },
        "line": 90
      }
    },
    "branchMap": {
      "0": {
        "loc": {
          "start": {
            "line": 5,
            "column": 0
          },
          "end": {
            "line": 15,
            "column": 1
          }
        },
        "type": "if",
        "locations": [
          {
            "start": {
              "line": 5,
              "column": 0
            },
            "end": {
              "line": 15,
              "column": 1
            }
          },
          {
            "start": {},
            "end": {}
          }
        ],
        "line": 5
      },
      "1": {
        "loc": {
          "start": {
            "line": 6,
            "column": 2
          },
          "end": {
            "line": 8,
            "column": 3
          }
        },
        "type": "if",
        "locations": [
          {
            "start": {
              "line": 6,
              "column": 2
            },
            "end": {
              "line": 8,
              "column": 3
            }
          },
          {
            "start": {},
            "end": {}
          }
        ],
        "line": 6
      },
      "2": {
        "loc": {
          "start": {
            "line": 82,
            "column": 0
          },
          "end": {
            "line": 98,
            "column": 1
          }
        },
        "type": "if",
        "locations": [
          {
            "start": {
              "line": 82,
              "column": 0
            },
            "end": {
              "line": 98,
              "column": 1
            }
          },
          {
            "start": {},
            "end": {}
          }
        ],
        "line": 82
      },
      "3": {
        "loc": {
          "start": {
            "line": 91,
            "column": 6
          },
          "end": {
            "line": 92,
            "column": 15
          }
        },
        "type": "if",
        "locations": [
          {
            "start": {
              "line": 91,
              "column": 6
            },
            "end": {
              "line": 92,
              "column": 15
            }
          },
          {
            "start": {},
            "end": {}
          }
        ],
        "line": 91
      },
      "4": {
        "loc": {
          "start": {
            "line": 94,
            "column": 6
          },
          "end": {
            "line": 95,
            "column": 54
          }
        },
        "type": "if",
        "locations": [
          {
            "start": {
              "line": 94,
              "column": 6
            },
            "end": {
              "line": 95,
              "column": 54
            }
          },
          {
            "start": {},
            "end": {}
          }
        ],
        "line": 94
      }
    },
    "s": {
      "0": 24,
      "1": 24,
      "2": 0,
      "3": 24,
      "4": 24,
      "5": 24,
      "6": 24,
      "7": 24,
      "8": 24,
      "9": 48,
      "10": 24,
      "11": 24,
      "12": 24,
      "13": 24,
      "14": 24,
      "15": 24,
      "16": 22,
      "17": 22,
      "18": 0,
      "19": 0,
      "20": 0,
      "21": 0,
      "22": 0
    },
    "f": {
      "0": 24,
      "1": 48,
      "2": 22,
      "3": 0
    },
    "b": {
      "0": [
        24,
        0
      ],
      "1": [
        0,
        24
      ],
      "2": [
        24,
        0
      ],
      "3": [
        0,
        0
      ],
      "4": [
        0,
        0
      ]
    },
    "inputSourceMap": {
      "version": 3,
      "mappings": "AAYI,mBACE,cADF;AAZJ,OAAOA,oBAAkB;AAAA;AAAA;AAAA;AAAA;AAAA;AAAA;AAAA;AAAA;AAAA;AAAA;AAAA;AAAA;AAAA;AACzB,SAASC,OAAOC,cAAc;AAE9B,OAAOC,YAAY;AACnB,OAAOC,WAAW;AAClB,OAAOC,UAAU;AACjB,OAAOC,WAAW;AAClB,OAAO;AACP,OAAOC,WAAW;AAElB,MAAMC,MAAMA,MAAM;AAChB,SACE,mCACE;AAAA,2BAAC,YAAD;AAAA;AAAA;AAAA;AAAA,WAAO;AAAA,IACP,uBAAC,UACC;AAAA,6BAAC,SAAM,MAAK,UAAS,SAAS,uBAAC,WAAD;AAAA;AAAA;AAAA;AAAA,aAAM,KAApC;AAAA;AAAA;AAAA;AAAA,aAAwC;AAAA,MACxC,uBAAC,SAAM,MAAK,KAAI,SAAS,uBAAC,UAAD;AAAA;AAAA;AAAA;AAAA,aAAK,KAA9B;AAAA;AAAA;AAAA;AAAA,aAAkC;AAAA,MAClC,uBAAC,SAAM,MAAK,UAAS,SAAS,uBAAC,WAAD;AAAA;AAAA;AAAA;AAAA,aAAM,KAApC;AAAA;AAAA;AAAA;AAAA,aAAwC;AAAA,MACxC,uBAAC,SAAM,MAAK,KAAI,SAAS,uBAAC,WAAD;AAAA;AAAA;AAAA;AAAA,aAAM,KAA/B;AAAA;AAAA;AAAA;AAAA,aAAmC;AAAA,SAJrC;AAAA;AAAA;AAAA;AAAA,WAKA;AAAA,OAPF;AAAA;AAAA;AAAA;AAAA,SAQA;AAEJ;AAAEC,KAZID;AAcN,eAAeA;AAAI;AAAAE",
      "names": [
        "React",
        "Route",
        "Routes",
        "Navbar",
        "About",
        "Home",
        "Error",
        "Forms",
        "App",
        "_c",
        "$RefreshReg$"
      ],
      "sources": [
        "/Users/macbook/Desktop/RsSchool/React/components/RSS-React/vite-project/src/App.tsx"
      ],
      "file": "/Users/macbook/Desktop/RsSchool/React/components/RSS-React/vite-project/src/App.tsx"
    },
    "_coverageSchema": "1a1c01bbd47fc00a2c39e90264f33305004495a9",
    "hash": "5c442606cbeafef71aed97262e85ceaa07fc8c18"
  },
  "/Users/macbook/Desktop/RsSchool/React/components/RSS-React/vite-project/src/entry-client.tsx": {
    "path": "/Users/macbook/Desktop/RsSchool/React/components/RSS-React/vite-project/src/entry-client.tsx",
    "statementMap": {
      "0": {
        "start": {
          "line": 8,
          "column": 0
        },
        "end": {
          "line": 24,
          "column": 10
        }
      },
      "1": {
        "start": {
          "line": 25,
          "column": 0
        },
        "end": {
          "line": 25,
          "column": 24
        }
      }
    },
    "fnMap": {},
    "branchMap": {},
    "s": {
      "0": 24,
      "1": 24
    },
    "f": {},
    "b": {},
    "inputSourceMap": {
      "version": 3,
      "mappings": "AAYQ;AAZR,OAAOA,WAAW;AAClB,OAAOC,cAAc;AACrB,SAASC,gBAAgB;AACzB,SAASC,qBAAqB;AAC9B,OAAOC,SAAS;AAChB,SAASC,kBAAkB;AAE3BJ,SAASK,YACPC,SAASC,eAAe,KAAK,GAC7B,uBAAC,MAAM,YAAN,EACC,iCAAC,YAAS,OAAOH,WAAW,GAC1B,iCAAC,iBACC,iCAAC,SAAD;AAAA;AAAA;AAAA;AAAA,OAAI,KADN;AAAA;AAAA;AAAA;AAAA,OAEA,KAHF;AAAA;AAAA;AAAA;AAAA,OAIA,KALF;AAAA;AAAA;AAAA;AAAA,OAMA,CACF;AACAI,QAAQC,IAAI,UAAU",
      "names": [
        "React",
        "ReactDOM",
        "Provider",
        "BrowserRouter",
        "App",
        "setupStore",
        "hydrateRoot",
        "document",
        "getElementById",
        "console",
        "log"
      ],
      "sources": [
        "/Users/macbook/Desktop/RsSchool/React/components/RSS-React/vite-project/src/entry-client.tsx"
      ],
      "file": "/Users/macbook/Desktop/RsSchool/React/components/RSS-React/vite-project/src/entry-client.tsx"
    },
    "_coverageSchema": "1a1c01bbd47fc00a2c39e90264f33305004495a9",
    "hash": "1c63b4a6670e9b7f292e4e21c83c21ed13e77ee1"
  },
  "/Users/macbook/Desktop/RsSchool/React/components/RSS-React/vite-project/src/entry-server.tsx": {
    "path": "/Users/macbook/Desktop/RsSchool/React/components/RSS-React/vite-project/src/entry-server.tsx",
    "statementMap": {},
    "fnMap": {},
    "branchMap": {},
    "s": {},
    "f": {},
    "b": {}
  },
  "/Users/macbook/Desktop/RsSchool/React/components/RSS-React/vite-project/src/main.tsx": {
    "path": "/Users/macbook/Desktop/RsSchool/React/components/RSS-React/vite-project/src/main.tsx",
    "statementMap": {},
    "fnMap": {},
    "branchMap": {},
    "s": {},
    "f": {},
    "b": {}
  },
  "/Users/macbook/Desktop/RsSchool/React/components/RSS-React/vite-project/src/types/types.tsx": {
    "path": "/Users/macbook/Desktop/RsSchool/React/components/RSS-React/vite-project/src/types/types.tsx",
    "statementMap": {},
    "fnMap": {},
    "branchMap": {},
    "s": {},
    "f": {},
    "b": {}
  },
  "/Users/macbook/Desktop/RsSchool/React/components/RSS-React/vite-project/src/components/UI/CardForm.tsx": {
    "path": "/Users/macbook/Desktop/RsSchool/React/components/RSS-React/vite-project/src/components/UI/CardForm.tsx",
    "statementMap": {},
    "fnMap": {},
    "branchMap": {},
    "s": {},
    "f": {},
    "b": {}
  }
}
